<?xml version="1.0" encoding="UTF-8"?>
<!-- Generated by org.testng.reporters.JUnitReportReporter -->
<testsuite hostname="Sujathas-MacBook-Pro.local" failures="0" tests="1" name="myconnection.testConnection" time="0.561" errors="0" timestamp="08 Nov 2018 20:52:47 GMT" skipped="0">
  <testcase classname="myconnection.testConnection" name="f" time="0.561"/>
</testsuite> <!-- myconnection.testConnection -->
